  [1m[36m (693.6ms)[0m  [1mCREATE TABLE "schema_migrations" ("version" varchar(255) NOT NULL) [0m
  [1m[35m (0.1ms)[0m  select sqlite_version(*)
  [1m[36m (521.9ms)[0m  [1mCREATE UNIQUE INDEX "unique_schema_migrations" ON "schema_migrations" ("version")[0m
  [1m[35mActiveRecord::SchemaMigration Load (0.2ms)[0m  SELECT "schema_migrations".* FROM "schema_migrations"
Migrating to CreateCourses (20140926190851)
  [1m[36m (0.1ms)[0m  [1mbegin transaction[0m
  [1m[35m (0.7ms)[0m  CREATE TABLE "courses" ("id" INTEGER PRIMARY KEY AUTOINCREMENT NOT NULL, "name" varchar(255), "price" integer, "created_at" datetime, "updated_at" datetime) 
  [1m[36mSQL (0.1ms)[0m  [1mINSERT INTO "schema_migrations" ("version") VALUES (?)[0m  [["version", "20140926190851"]]
  [1m[35m (622.9ms)[0m  commit transaction
Migrating to CreateRegistrations (20140926191022)
  [1m[36m (0.2ms)[0m  [1mbegin transaction[0m
  [1m[35m (0.5ms)[0m  CREATE TABLE "registrations" ("id" INTEGER PRIMARY KEY AUTOINCREMENT NOT NULL, "course_id" integer, "full_name" varchar(255), "company" varchar(255), "email" varchar(255), "telephone" varchar(255), "created_at" datetime, "updated_at" datetime) 
  [1m[36m (0.3ms)[0m  [1mCREATE  INDEX "index_registrations_on_course_id" ON "registrations" ("course_id")[0m
  [1m[35mSQL (0.2ms)[0m  INSERT INTO "schema_migrations" ("version") VALUES (?)  [["version", "20140926191022"]]
  [1m[36m (585.2ms)[0m  [1mcommit transaction[0m
Migrating to AddStripeCardTokenToRegistration (20141124135417)
  [1m[35m (0.2ms)[0m  begin transaction
  [1m[36m (0.6ms)[0m  [1mALTER TABLE "registrations" ADD "card_token" varchar(255)[0m
  [1m[35mSQL (0.8ms)[0m  INSERT INTO "schema_migrations" ("version") VALUES (?)  [["version", "20141124135417"]]
  [1m[36m (603.0ms)[0m  [1mcommit transaction[0m
  [1m[35mActiveRecord::SchemaMigration Load (0.2ms)[0m  SELECT "schema_migrations".* FROM "schema_migrations"
  [1m[36m (0.1ms)[0m  [1m            SELECT sql
            FROM sqlite_master
            WHERE name='index_registrations_on_course_id' AND type='index'
            UNION ALL
            SELECT sql
            FROM sqlite_temp_master
            WHERE name='index_registrations_on_course_id' AND type='index'
[0m
  [1m[35mActiveRecord::SchemaMigration Load (0.1ms)[0m  SELECT "schema_migrations".* FROM "schema_migrations"
  [1m[36mSQL (461.1ms)[0m  [1mDELETE FROM "courses"[0m
  [1m[35m (0.1ms)[0m  begin transaction
  [1m[36mSQL (0.3ms)[0m  [1mINSERT INTO "courses" ("created_at", "name", "price", "updated_at") VALUES (?, ?, ?, ?)[0m  [["created_at", "2015-03-27 03:52:17.402025"], ["name", "INTRODUCTION TO REPOSTERY (4 Weeks)"], ["price", 475], ["updated_at", "2015-03-27 03:52:17.402025"]]
  [1m[35m (524.2ms)[0m  commit transaction
  [1m[36m (0.2ms)[0m  [1mbegin transaction[0m
  [1m[35mSQL (0.3ms)[0m  INSERT INTO "courses" ("created_at", "name", "price", "updated_at") VALUES (?, ?, ?, ?)  [["created_at", "2015-03-27 03:52:17.930986"], ["name", "THE BEST BUTCHERY COURSE (4 Weeks)"], ["price", 610], ["updated_at", "2015-03-27 03:52:17.930986"]]
  [1m[36m (398.4ms)[0m  [1mcommit transaction[0m
  [1m[35m (0.2ms)[0m  begin transaction
  [1m[36mSQL (0.3ms)[0m  [1mINSERT INTO "courses" ("created_at", "name", "price", "updated_at") VALUES (?, ?, ?, ?)[0m  [["created_at", "2015-03-27 03:52:18.332261"], ["name", "SEA FOOD SECRETS COURSE (8 Weeks)"], ["price", 1485], ["updated_at", "2015-03-27 03:52:18.332261"]]
  [1m[35m (626.4ms)[0m  commit transaction


Started GET "/" for 127.0.0.1 at 2015-03-27 10:52:38 +0700
  [1m[36mActiveRecord::SchemaMigration Load (0.1ms)[0m  [1mSELECT "schema_migrations".* FROM "schema_migrations"[0m
Processing by CoursesController#index as HTML
  Rendered courses/index.html.haml within layouts/application (1.5ms)
  [1m[35mCourse Load (0.2ms)[0m  SELECT "courses".* FROM "courses"
  Rendered courses/_index.html.haml (7.5ms)
Completed 200 OK in 771ms (Views: 751.4ms | ActiveRecord: 0.4ms)


Started GET "/assets/bootstrap.min.css?body=1" for 127.0.0.1 at 2015-03-27 10:52:39 +0700


Started GET "/assets/fonts.css?body=1" for 127.0.0.1 at 2015-03-27 10:52:39 +0700


Started GET "/assets/form.css?body=1" for 127.0.0.1 at 2015-03-27 10:52:39 +0700


Started GET "/assets/normalize.css?body=1" for 127.0.0.1 at 2015-03-27 10:52:39 +0700


Started GET "/assets/front.css?body=1" for 127.0.0.1 at 2015-03-27 10:52:39 +0700


Started GET "/assets/application.css?body=1" for 127.0.0.1 at 2015-03-27 10:52:39 +0700


Started GET "/assets/jquery.js?body=1" for 127.0.0.1 at 2015-03-27 10:52:40 +0700


Started GET "/assets/turbolinks.js?body=1" for 127.0.0.1 at 2015-03-27 10:52:40 +0700


Started GET "/assets/jquery_ujs.js?body=1" for 127.0.0.1 at 2015-03-27 10:52:40 +0700


Started GET "/assets/application.js?body=1" for 127.0.0.1 at 2015-03-27 10:52:40 +0700


Started GET "/assets/code-bg.jpg" for 127.0.0.1 at 2015-03-27 10:52:41 +0700


Started GET "/assets/MYRIADPRO-REGULAR.OTF" for 127.0.0.1 at 2015-03-27 10:52:41 +0700


Started GET "/assets/course-bg-arrow.png" for 127.0.0.1 at 2015-03-27 10:52:41 +0700


Started GET "/registrations/new?course_id=2" for 127.0.0.1 at 2015-03-27 11:00:05 +0700
Processing by RegistrationsController#new as HTML
  Parameters: {"course_id"=>"2"}
  [1m[36mCourse Load (0.1ms)[0m  [1mSELECT  "courses".* FROM "courses"  WHERE "courses"."id" = 2 LIMIT 1[0m
  Rendered registrations/new.html.haml within layouts/application (50.9ms)
  [1m[35mCourse Load (0.2ms)[0m  SELECT "courses".* FROM "courses"
  Rendered courses/_index.html.haml (4.0ms)
Completed 200 OK in 120ms (Views: 110.0ms | ActiveRecord: 0.9ms)


Started GET "/success_stories" for 127.0.0.1 at 2015-03-27 11:00:35 +0700

ActionController::RoutingError (No route matches [GET] "/success_stories"):
  actionpack (4.1.6) lib/action_dispatch/middleware/debug_exceptions.rb:21:in `call'
  actionpack (4.1.6) lib/action_dispatch/middleware/show_exceptions.rb:30:in `call'
  railties (4.1.6) lib/rails/rack/logger.rb:38:in `call_app'
  railties (4.1.6) lib/rails/rack/logger.rb:20:in `block in call'
  activesupport (4.1.6) lib/active_support/tagged_logging.rb:68:in `block in tagged'
  activesupport (4.1.6) lib/active_support/tagged_logging.rb:26:in `tagged'
  activesupport (4.1.6) lib/active_support/tagged_logging.rb:68:in `tagged'
  railties (4.1.6) lib/rails/rack/logger.rb:20:in `call'
  actionpack (4.1.6) lib/action_dispatch/middleware/request_id.rb:21:in `call'
  rack (1.5.2) lib/rack/methodoverride.rb:21:in `call'
  rack (1.5.2) lib/rack/runtime.rb:17:in `call'
  activesupport (4.1.6) lib/active_support/cache/strategy/local_cache_middleware.rb:26:in `call'
  rack (1.5.2) lib/rack/lock.rb:17:in `call'
  actionpack (4.1.6) lib/action_dispatch/middleware/static.rb:64:in `call'
  rack (1.5.2) lib/rack/sendfile.rb:112:in `call'
  railties (4.1.6) lib/rails/engine.rb:514:in `call'
  railties (4.1.6) lib/rails/application.rb:144:in `call'
  rack (1.5.2) lib/rack/lock.rb:17:in `call'
  rack (1.5.2) lib/rack/content_length.rb:14:in `call'
  rack (1.5.2) lib/rack/handler/webrick.rb:60:in `service'
  /home/huan/.rvm/rubies/ruby-2.1.2/lib/ruby/2.1.0/webrick/httpserver.rb:138:in `service'
  /home/huan/.rvm/rubies/ruby-2.1.2/lib/ruby/2.1.0/webrick/httpserver.rb:94:in `run'
  /home/huan/.rvm/rubies/ruby-2.1.2/lib/ruby/2.1.0/webrick/server.rb:295:in `block in start_thread'


  Rendered /home/huan/.rvm/gems/ruby-2.1.2/gems/actionpack-4.1.6/lib/action_dispatch/middleware/templates/rescues/_trace.html.erb (1.5ms)
  Rendered /home/huan/.rvm/gems/ruby-2.1.2/gems/actionpack-4.1.6/lib/action_dispatch/middleware/templates/routes/_route.html.erb (2.3ms)
  Rendered /home/huan/.rvm/gems/ruby-2.1.2/gems/actionpack-4.1.6/lib/action_dispatch/middleware/templates/routes/_table.html.erb (1.9ms)
  Rendered /home/huan/.rvm/gems/ruby-2.1.2/gems/actionpack-4.1.6/lib/action_dispatch/middleware/templates/rescues/routing_error.html.erb within rescues/layout (26.6ms)


Started GET "/success_stories" for 127.0.0.1 at 2015-03-27 11:00:35 +0700

ActionController::RoutingError (No route matches [GET] "/success_stories"):
  actionpack (4.1.6) lib/action_dispatch/middleware/debug_exceptions.rb:21:in `call'
  actionpack (4.1.6) lib/action_dispatch/middleware/show_exceptions.rb:30:in `call'
  railties (4.1.6) lib/rails/rack/logger.rb:38:in `call_app'
  railties (4.1.6) lib/rails/rack/logger.rb:20:in `block in call'
  activesupport (4.1.6) lib/active_support/tagged_logging.rb:68:in `block in tagged'
  activesupport (4.1.6) lib/active_support/tagged_logging.rb:26:in `tagged'
  activesupport (4.1.6) lib/active_support/tagged_logging.rb:68:in `tagged'
  railties (4.1.6) lib/rails/rack/logger.rb:20:in `call'
  actionpack (4.1.6) lib/action_dispatch/middleware/request_id.rb:21:in `call'
  rack (1.5.2) lib/rack/methodoverride.rb:21:in `call'
  rack (1.5.2) lib/rack/runtime.rb:17:in `call'
  activesupport (4.1.6) lib/active_support/cache/strategy/local_cache_middleware.rb:26:in `call'
  rack (1.5.2) lib/rack/lock.rb:17:in `call'
  actionpack (4.1.6) lib/action_dispatch/middleware/static.rb:64:in `call'
  rack (1.5.2) lib/rack/sendfile.rb:112:in `call'
  railties (4.1.6) lib/rails/engine.rb:514:in `call'
  railties (4.1.6) lib/rails/application.rb:144:in `call'
  rack (1.5.2) lib/rack/lock.rb:17:in `call'
  rack (1.5.2) lib/rack/content_length.rb:14:in `call'
  rack (1.5.2) lib/rack/handler/webrick.rb:60:in `service'
  /home/huan/.rvm/rubies/ruby-2.1.2/lib/ruby/2.1.0/webrick/httpserver.rb:138:in `service'
  /home/huan/.rvm/rubies/ruby-2.1.2/lib/ruby/2.1.0/webrick/httpserver.rb:94:in `run'
  /home/huan/.rvm/rubies/ruby-2.1.2/lib/ruby/2.1.0/webrick/server.rb:295:in `block in start_thread'


  Rendered /home/huan/.rvm/gems/ruby-2.1.2/gems/actionpack-4.1.6/lib/action_dispatch/middleware/templates/rescues/_trace.html.erb (1.1ms)
  Rendered /home/huan/.rvm/gems/ruby-2.1.2/gems/actionpack-4.1.6/lib/action_dispatch/middleware/templates/routes/_route.html.erb (1.9ms)
  Rendered /home/huan/.rvm/gems/ruby-2.1.2/gems/actionpack-4.1.6/lib/action_dispatch/middleware/templates/routes/_table.html.erb (1.1ms)
  Rendered /home/huan/.rvm/gems/ruby-2.1.2/gems/actionpack-4.1.6/lib/action_dispatch/middleware/templates/rescues/routing_error.html.erb within rescues/layout (22.4ms)


Started GET "/sign_in" for 127.0.0.1 at 2015-03-27 11:00:42 +0700

ActionController::RoutingError (No route matches [GET] "/sign_in"):
  actionpack (4.1.6) lib/action_dispatch/middleware/debug_exceptions.rb:21:in `call'
  actionpack (4.1.6) lib/action_dispatch/middleware/show_exceptions.rb:30:in `call'
  railties (4.1.6) lib/rails/rack/logger.rb:38:in `call_app'
  railties (4.1.6) lib/rails/rack/logger.rb:20:in `block in call'
  activesupport (4.1.6) lib/active_support/tagged_logging.rb:68:in `block in tagged'
  activesupport (4.1.6) lib/active_support/tagged_logging.rb:26:in `tagged'
  activesupport (4.1.6) lib/active_support/tagged_logging.rb:68:in `tagged'
  railties (4.1.6) lib/rails/rack/logger.rb:20:in `call'
  actionpack (4.1.6) lib/action_dispatch/middleware/request_id.rb:21:in `call'
  rack (1.5.2) lib/rack/methodoverride.rb:21:in `call'
  rack (1.5.2) lib/rack/runtime.rb:17:in `call'
  activesupport (4.1.6) lib/active_support/cache/strategy/local_cache_middleware.rb:26:in `call'
  rack (1.5.2) lib/rack/lock.rb:17:in `call'
  actionpack (4.1.6) lib/action_dispatch/middleware/static.rb:64:in `call'
  rack (1.5.2) lib/rack/sendfile.rb:112:in `call'
  railties (4.1.6) lib/rails/engine.rb:514:in `call'
  railties (4.1.6) lib/rails/application.rb:144:in `call'
  rack (1.5.2) lib/rack/lock.rb:17:in `call'
  rack (1.5.2) lib/rack/content_length.rb:14:in `call'
  rack (1.5.2) lib/rack/handler/webrick.rb:60:in `service'
  /home/huan/.rvm/rubies/ruby-2.1.2/lib/ruby/2.1.0/webrick/httpserver.rb:138:in `service'
  /home/huan/.rvm/rubies/ruby-2.1.2/lib/ruby/2.1.0/webrick/httpserver.rb:94:in `run'
  /home/huan/.rvm/rubies/ruby-2.1.2/lib/ruby/2.1.0/webrick/server.rb:295:in `block in start_thread'


  Rendered /home/huan/.rvm/gems/ruby-2.1.2/gems/actionpack-4.1.6/lib/action_dispatch/middleware/templates/rescues/_trace.html.erb (1.2ms)
  Rendered /home/huan/.rvm/gems/ruby-2.1.2/gems/actionpack-4.1.6/lib/action_dispatch/middleware/templates/routes/_route.html.erb (4.0ms)
  Rendered /home/huan/.rvm/gems/ruby-2.1.2/gems/actionpack-4.1.6/lib/action_dispatch/middleware/templates/routes/_table.html.erb (1.2ms)
  Rendered /home/huan/.rvm/gems/ruby-2.1.2/gems/actionpack-4.1.6/lib/action_dispatch/middleware/templates/rescues/routing_error.html.erb within rescues/layout (24.9ms)


Started GET "/sign_in" for 127.0.0.1 at 2015-03-27 11:00:42 +0700

ActionController::RoutingError (No route matches [GET] "/sign_in"):
  actionpack (4.1.6) lib/action_dispatch/middleware/debug_exceptions.rb:21:in `call'
  actionpack (4.1.6) lib/action_dispatch/middleware/show_exceptions.rb:30:in `call'
  railties (4.1.6) lib/rails/rack/logger.rb:38:in `call_app'
  railties (4.1.6) lib/rails/rack/logger.rb:20:in `block in call'
  activesupport (4.1.6) lib/active_support/tagged_logging.rb:68:in `block in tagged'
  activesupport (4.1.6) lib/active_support/tagged_logging.rb:26:in `tagged'
  activesupport (4.1.6) lib/active_support/tagged_logging.rb:68:in `tagged'
  railties (4.1.6) lib/rails/rack/logger.rb:20:in `call'
  actionpack (4.1.6) lib/action_dispatch/middleware/request_id.rb:21:in `call'
  rack (1.5.2) lib/rack/methodoverride.rb:21:in `call'
  rack (1.5.2) lib/rack/runtime.rb:17:in `call'
  activesupport (4.1.6) lib/active_support/cache/strategy/local_cache_middleware.rb:26:in `call'
  rack (1.5.2) lib/rack/lock.rb:17:in `call'
  actionpack (4.1.6) lib/action_dispatch/middleware/static.rb:64:in `call'
  rack (1.5.2) lib/rack/sendfile.rb:112:in `call'
  railties (4.1.6) lib/rails/engine.rb:514:in `call'
  railties (4.1.6) lib/rails/application.rb:144:in `call'
  rack (1.5.2) lib/rack/lock.rb:17:in `call'
  rack (1.5.2) lib/rack/content_length.rb:14:in `call'
  rack (1.5.2) lib/rack/handler/webrick.rb:60:in `service'
  /home/huan/.rvm/rubies/ruby-2.1.2/lib/ruby/2.1.0/webrick/httpserver.rb:138:in `service'
  /home/huan/.rvm/rubies/ruby-2.1.2/lib/ruby/2.1.0/webrick/httpserver.rb:94:in `run'
  /home/huan/.rvm/rubies/ruby-2.1.2/lib/ruby/2.1.0/webrick/server.rb:295:in `block in start_thread'


  Rendered /home/huan/.rvm/gems/ruby-2.1.2/gems/actionpack-4.1.6/lib/action_dispatch/middleware/templates/rescues/_trace.html.erb (1.6ms)
  Rendered /home/huan/.rvm/gems/ruby-2.1.2/gems/actionpack-4.1.6/lib/action_dispatch/middleware/templates/routes/_route.html.erb (3.0ms)
  Rendered /home/huan/.rvm/gems/ruby-2.1.2/gems/actionpack-4.1.6/lib/action_dispatch/middleware/templates/routes/_table.html.erb (1.4ms)
  Rendered /home/huan/.rvm/gems/ruby-2.1.2/gems/actionpack-4.1.6/lib/action_dispatch/middleware/templates/rescues/routing_error.html.erb within rescues/layout (27.6ms)


Started GET "/registrations" for 127.0.0.1 at 2015-03-27 13:35:47 +0700
  [1m[36mActiveRecord::SchemaMigration Load (0.1ms)[0m  [1mSELECT "schema_migrations".* FROM "schema_migrations"[0m
Processing by RegistrationsController#index as HTML
  [1m[35mRegistration Load (0.2ms)[0m  SELECT "registrations".* FROM "registrations"
  Rendered registrations/index.html.haml within layouts/application (5.3ms)
  [1m[36mCourse Load (0.2ms)[0m  [1mSELECT "courses".* FROM "courses"[0m
  Rendered courses/_index.html.haml (8.0ms)
Completed 200 OK in 133ms (Views: 109.6ms | ActiveRecord: 0.6ms)


Started GET "/assets/bootstrap.min.css?body=1" for 127.0.0.1 at 2015-03-27 13:35:48 +0700


Started GET "/assets/fonts.css?body=1" for 127.0.0.1 at 2015-03-27 13:35:48 +0700


Started GET "/assets/form.css?body=1" for 127.0.0.1 at 2015-03-27 13:35:48 +0700


Started GET "/assets/normalize.css?body=1" for 127.0.0.1 at 2015-03-27 13:35:48 +0700


Started GET "/assets/front.css?body=1" for 127.0.0.1 at 2015-03-27 13:35:48 +0700


Started GET "/assets/application.css?body=1" for 127.0.0.1 at 2015-03-27 13:35:48 +0700


Started GET "/assets/jquery.js?body=1" for 127.0.0.1 at 2015-03-27 13:35:48 +0700


Started GET "/assets/jquery_ujs.js?body=1" for 127.0.0.1 at 2015-03-27 13:35:48 +0700


Started GET "/assets/turbolinks.js?body=1" for 127.0.0.1 at 2015-03-27 13:35:48 +0700


Started GET "/assets/application.js?body=1" for 127.0.0.1 at 2015-03-27 13:35:48 +0700


Started GET "/assets/code-bg.jpg" for 127.0.0.1 at 2015-03-27 13:35:48 +0700


Started GET "/assets/course-bg-arrow.png" for 127.0.0.1 at 2015-03-27 13:35:48 +0700


Started GET "/assets/MYRIADPRO-REGULAR.OTF" for 127.0.0.1 at 2015-03-27 13:35:48 +0700


Started GET "/fonts/MYRIADPRO-BILD.OTF" for 127.0.0.1 at 2015-03-27 13:35:48 +0700

ActionController::RoutingError (No route matches [GET] "/fonts/MYRIADPRO-BILD.OTF"):
  actionpack (4.1.6) lib/action_dispatch/middleware/debug_exceptions.rb:21:in `call'
  actionpack (4.1.6) lib/action_dispatch/middleware/show_exceptions.rb:30:in `call'
  railties (4.1.6) lib/rails/rack/logger.rb:38:in `call_app'
  railties (4.1.6) lib/rails/rack/logger.rb:20:in `block in call'
  activesupport (4.1.6) lib/active_support/tagged_logging.rb:68:in `block in tagged'
  activesupport (4.1.6) lib/active_support/tagged_logging.rb:26:in `tagged'
  activesupport (4.1.6) lib/active_support/tagged_logging.rb:68:in `tagged'
  railties (4.1.6) lib/rails/rack/logger.rb:20:in `call'
  actionpack (4.1.6) lib/action_dispatch/middleware/request_id.rb:21:in `call'
  rack (1.5.2) lib/rack/methodoverride.rb:21:in `call'
  rack (1.5.2) lib/rack/runtime.rb:17:in `call'
  activesupport (4.1.6) lib/active_support/cache/strategy/local_cache_middleware.rb:26:in `call'
  rack (1.5.2) lib/rack/lock.rb:17:in `call'
  actionpack (4.1.6) lib/action_dispatch/middleware/static.rb:64:in `call'
  rack (1.5.2) lib/rack/sendfile.rb:112:in `call'
  railties (4.1.6) lib/rails/engine.rb:514:in `call'
  railties (4.1.6) lib/rails/application.rb:144:in `call'
  rack (1.5.2) lib/rack/lock.rb:17:in `call'
  rack (1.5.2) lib/rack/content_length.rb:14:in `call'
  rack (1.5.2) lib/rack/handler/webrick.rb:60:in `service'
  /home/huan/.rvm/rubies/ruby-2.1.2/lib/ruby/2.1.0/webrick/httpserver.rb:138:in `service'
  /home/huan/.rvm/rubies/ruby-2.1.2/lib/ruby/2.1.0/webrick/httpserver.rb:94:in `run'
  /home/huan/.rvm/rubies/ruby-2.1.2/lib/ruby/2.1.0/webrick/server.rb:295:in `block in start_thread'


  Rendered /home/huan/.rvm/gems/ruby-2.1.2/gems/actionpack-4.1.6/lib/action_dispatch/middleware/templates/rescues/_trace.html.erb (1.3ms)
  Rendered /home/huan/.rvm/gems/ruby-2.1.2/gems/actionpack-4.1.6/lib/action_dispatch/middleware/templates/routes/_route.html.erb (2.3ms)
  Rendered /home/huan/.rvm/gems/ruby-2.1.2/gems/actionpack-4.1.6/lib/action_dispatch/middleware/templates/routes/_table.html.erb (2.8ms)
  Rendered /home/huan/.rvm/gems/ruby-2.1.2/gems/actionpack-4.1.6/lib/action_dispatch/middleware/templates/rescues/routing_error.html.erb within rescues/layout (27.3ms)


Started GET "/registrations/new" for 127.0.0.1 at 2015-03-27 13:35:52 +0700
Processing by RegistrationsController#new as HTML
  [1m[35mCourse Load (0.2ms)[0m  SELECT  "courses".* FROM "courses"  WHERE "courses"."id" IS NULL LIMIT 1
  Rendered registrations/new.html.haml within layouts/application (18.3ms)
Completed 500 Internal Server Error in 27ms

NoMethodError - undefined method `id' for nil:NilClass:
   () home/huan/stripe-basics/app/views/registrations/new.html.haml:15:in `block in _app_views_registrations_new_html_haml__852294268_87458760'
  haml (4.0.5) lib/haml/helpers/action_view_mods.rb:137:in `call'
  haml (4.0.5) lib/haml/helpers/action_view_mods.rb:137:in `block (2 levels) in form_for_with_haml'
  haml (4.0.5) lib/haml/helpers.rb:278:in `with_tabs'
  haml (4.0.5) lib/haml/helpers/action_view_mods.rb:137:in `block in form_for_with_haml'
  actionview (4.1.6) lib/action_view/helpers/capture_helper.rb:38:in `block in capture'
  actionview (4.1.6) lib/action_view/helpers/capture_helper.rb:200:in `with_output_buffer'
  haml (4.0.5) lib/haml/helpers/action_view_xss_mods.rb:5:in `with_output_buffer_with_haml_xss'
  actionview (4.1.6) lib/action_view/helpers/capture_helper.rb:38:in `capture'
  haml (4.0.5) lib/haml/helpers/action_view_mods.rb:52:in `capture_with_haml'
  actionview (4.1.6) lib/action_view/helpers/form_helper.rb:434:in `form_for'
  haml (4.0.5) lib/haml/helpers/action_view_mods.rb:139:in `form_for_with_haml'
  haml (4.0.5) lib/haml/helpers/action_view_xss_mods.rb:28:in `form_for_with_haml_xss'
   () home/huan/stripe-basics/app/views/registrations/new.html.haml:5:in `_app_views_registrations_new_html_haml__852294268_87458760'
  actionview (4.1.6) lib/action_view/template.rb:145:in `block in render'
  activesupport (4.1.6) lib/active_support/notifications.rb:161:in `instrument'
  actionview (4.1.6) lib/action_view/template.rb:339:in `instrument'
  actionview (4.1.6) lib/action_view/template.rb:143:in `render'
  actionview (4.1.6) lib/action_view/renderer/template_renderer.rb:55:in `block (2 levels) in render_template'
  actionview (4.1.6) lib/action_view/renderer/abstract_renderer.rb:38:in `block in instrument'
  activesupport (4.1.6) lib/active_support/notifications.rb:159:in `block in instrument'
  activesupport (4.1.6) lib/active_support/notifications/instrumenter.rb:20:in `instrument'
  activesupport (4.1.6) lib/active_support/notifications.rb:159:in `instrument'
  actionview (4.1.6) lib/action_view/renderer/abstract_renderer.rb:38:in `instrument'
  actionview (4.1.6) lib/action_view/renderer/template_renderer.rb:54:in `block in render_template'
  actionview (4.1.6) lib/action_view/renderer/template_renderer.rb:62:in `render_with_layout'
  actionview (4.1.6) lib/action_view/renderer/template_renderer.rb:53:in `render_template'
  actionview (4.1.6) lib/action_view/renderer/template_renderer.rb:17:in `render'
  actionview (4.1.6) lib/action_view/renderer/renderer.rb:42:in `render_template'
  actionview (4.1.6) lib/action_view/renderer/renderer.rb:23:in `render'
  actionview (4.1.6) lib/action_view/rendering.rb:99:in `_render_template'
  actionpack (4.1.6) lib/action_controller/metal/streaming.rb:217:in `_render_template'
  actionview (4.1.6) lib/action_view/rendering.rb:82:in `render_to_body'
  actionpack (4.1.6) lib/action_controller/metal/rendering.rb:32:in `render_to_body'
  actionpack (4.1.6) lib/action_controller/metal/renderers.rb:32:in `render_to_body'
  actionpack (4.1.6) lib/abstract_controller/rendering.rb:25:in `render'
  actionpack (4.1.6) lib/action_controller/metal/rendering.rb:16:in `render'
  actionpack (4.1.6) lib/action_controller/metal/instrumentation.rb:41:in `block (2 levels) in render'
  activesupport (4.1.6) lib/active_support/core_ext/benchmark.rb:12:in `block in ms'
   () home/huan/.rvm/rubies/ruby-2.1.2/lib/ruby/2.1.0/benchmark.rb:294:in `realtime'
  activesupport (4.1.6) lib/active_support/core_ext/benchmark.rb:12:in `ms'
  actionpack (4.1.6) lib/action_controller/metal/instrumentation.rb:41:in `block in render'
  actionpack (4.1.6) lib/action_controller/metal/instrumentation.rb:84:in `cleanup_view_runtime'
  activerecord (4.1.6) lib/active_record/railties/controller_runtime.rb:25:in `cleanup_view_runtime'
  actionpack (4.1.6) lib/action_controller/metal/instrumentation.rb:40:in `render'
  actionpack (4.1.6) lib/action_controller/metal/implicit_render.rb:10:in `default_render'
  actionpack (4.1.6) lib/action_controller/metal/implicit_render.rb:5:in `send_action'
  actionpack (4.1.6) lib/abstract_controller/base.rb:189:in `process_action'
  actionpack (4.1.6) lib/action_controller/metal/rendering.rb:10:in `process_action'
  actionpack (4.1.6) lib/abstract_controller/callbacks.rb:20:in `block in process_action'
  activesupport (4.1.6) lib/active_support/callbacks.rb:113:in `call'
  activesupport (4.1.6) lib/active_support/callbacks.rb:113:in `call'
  activesupport (4.1.6) lib/active_support/callbacks.rb:149:in `block in halting_and_conditional'
  activesupport (4.1.6) lib/active_support/callbacks.rb:166:in `call'
  activesupport (4.1.6) lib/active_support/callbacks.rb:166:in `block in halting'
  activesupport (4.1.6) lib/active_support/callbacks.rb:229:in `call'
  activesupport (4.1.6) lib/active_support/callbacks.rb:229:in `block in halting'
  activesupport (4.1.6) lib/active_support/callbacks.rb:229:in `call'
  activesupport (4.1.6) lib/active_support/callbacks.rb:229:in `block in halting'
  activesupport (4.1.6) lib/active_support/callbacks.rb:166:in `call'
  activesupport (4.1.6) lib/active_support/callbacks.rb:166:in `block in halting'
  activesupport (4.1.6) lib/active_support/callbacks.rb:166:in `call'
  activesupport (4.1.6) lib/active_support/callbacks.rb:166:in `block in halting'
  activesupport (4.1.6) lib/active_support/callbacks.rb:166:in `call'
  activesupport (4.1.6) lib/active_support/callbacks.rb:166:in `block in halting'
  activesupport (4.1.6) lib/active_support/callbacks.rb:86:in `call'
  activesupport (4.1.6) lib/active_support/callbacks.rb:86:in `run_callbacks'
  actionpack (4.1.6) lib/abstract_controller/callbacks.rb:19:in `process_action'
  actionpack (4.1.6) lib/action_controller/metal/rescue.rb:29:in `process_action'
  actionpack (4.1.6) lib/action_controller/metal/instrumentation.rb:31:in `block in process_action'
  activesupport (4.1.6) lib/active_support/notifications.rb:159:in `block in instrument'
  activesupport (4.1.6) lib/active_support/notifications/instrumenter.rb:20:in `instrument'
  activesupport (4.1.6) lib/active_support/notifications.rb:159:in `instrument'
  actionpack (4.1.6) lib/action_controller/metal/instrumentation.rb:30:in `process_action'
  actionpack (4.1.6) lib/action_controller/metal/params_wrapper.rb:250:in `process_action'
  activerecord (4.1.6) lib/active_record/railties/controller_runtime.rb:18:in `process_action'
  actionpack (4.1.6) lib/abstract_controller/base.rb:136:in `process'
  actionview (4.1.6) lib/action_view/rendering.rb:30:in `process'
  actionpack (4.1.6) lib/action_controller/metal.rb:196:in `dispatch'
  actionpack (4.1.6) lib/action_controller/metal/rack_delegation.rb:13:in `dispatch'
  actionpack (4.1.6) lib/action_controller/metal.rb:232:in `block in action'
  actionpack (4.1.6) lib/action_dispatch/routing/route_set.rb:82:in `call'
  actionpack (4.1.6) lib/action_dispatch/routing/route_set.rb:82:in `dispatch'
  actionpack (4.1.6) lib/action_dispatch/routing/route_set.rb:50:in `call'
  actionpack (4.1.6) lib/action_dispatch/journey/router.rb:73:in `block in call'
  actionpack (4.1.6) lib/action_dispatch/journey/router.rb:59:in `each'
  actionpack (4.1.6) lib/action_dispatch/journey/router.rb:59:in `call'
  actionpack (4.1.6) lib/action_dispatch/routing/route_set.rb:678:in `call'
  rack (1.5.2) lib/rack/etag.rb:23:in `call'
  rack (1.5.2) lib/rack/conditionalget.rb:25:in `call'
  rack (1.5.2) lib/rack/head.rb:11:in `call'
  actionpack (4.1.6) lib/action_dispatch/middleware/params_parser.rb:27:in `call'
  actionpack (4.1.6) lib/action_dispatch/middleware/flash.rb:254:in `call'
  rack (1.5.2) lib/rack/session/abstract/id.rb:225:in `context'
  rack (1.5.2) lib/rack/session/abstract/id.rb:220:in `call'
  actionpack (4.1.6) lib/action_dispatch/middleware/cookies.rb:560:in `call'
  activerecord (4.1.6) lib/active_record/query_cache.rb:36:in `call'
  activerecord (4.1.6) lib/active_record/connection_adapters/abstract/connection_pool.rb:621:in `call'
  activerecord (4.1.6) lib/active_record/migration.rb:380:in `call'
  actionpack (4.1.6) lib/action_dispatch/middleware/callbacks.rb:29:in `block in call'
  activesupport (4.1.6) lib/active_support/callbacks.rb:82:in `run_callbacks'
  actionpack (4.1.6) lib/action_dispatch/middleware/callbacks.rb:27:in `call'
  actionpack (4.1.6) lib/action_dispatch/middleware/reloader.rb:73:in `call'
  actionpack (4.1.6) lib/action_dispatch/middleware/remote_ip.rb:76:in `call'
  better_errors (2.0.0) lib/better_errors/middleware.rb:84:in `protected_app_call'
  better_errors (2.0.0) lib/better_errors/middleware.rb:79:in `better_errors_call'
  better_errors (2.0.0) lib/better_errors/middleware.rb:57:in `call'
  actionpack (4.1.6) lib/action_dispatch/middleware/debug_exceptions.rb:17:in `call'
  actionpack (4.1.6) lib/action_dispatch/middleware/show_exceptions.rb:30:in `call'
  railties (4.1.6) lib/rails/rack/logger.rb:38:in `call_app'
  railties (4.1.6) lib/rails/rack/logger.rb:20:in `block in call'
  activesupport (4.1.6) lib/active_support/tagged_logging.rb:68:in `block in tagged'
  activesupport (4.1.6) lib/active_support/tagged_logging.rb:26:in `tagged'
  activesupport (4.1.6) lib/active_support/tagged_logging.rb:68:in `tagged'
  railties (4.1.6) lib/rails/rack/logger.rb:20:in `call'
  actionpack (4.1.6) lib/action_dispatch/middleware/request_id.rb:21:in `call'
  rack (1.5.2) lib/rack/methodoverride.rb:21:in `call'
  rack (1.5.2) lib/rack/runtime.rb:17:in `call'
  activesupport (4.1.6) lib/active_support/cache/strategy/local_cache_middleware.rb:26:in `call'
  rack (1.5.2) lib/rack/lock.rb:17:in `call'
  actionpack (4.1.6) lib/action_dispatch/middleware/static.rb:64:in `call'
  rack (1.5.2) lib/rack/sendfile.rb:112:in `call'
  railties (4.1.6) lib/rails/engine.rb:514:in `call'
  railties (4.1.6) lib/rails/application.rb:144:in `call'
  rack (1.5.2) lib/rack/lock.rb:17:in `call'
  rack (1.5.2) lib/rack/content_length.rb:14:in `call'
  rack (1.5.2) lib/rack/handler/webrick.rb:60:in `service'
   () home/huan/.rvm/rubies/ruby-2.1.2/lib/ruby/2.1.0/webrick/httpserver.rb:138:in `service'
   () home/huan/.rvm/rubies/ruby-2.1.2/lib/ruby/2.1.0/webrick/httpserver.rb:94:in `run'
   () home/huan/.rvm/rubies/ruby-2.1.2/lib/ruby/2.1.0/webrick/server.rb:295:in `block in start_thread'



Started POST "/__better_errors/069a28bcb0e5e507/variables" for 127.0.0.1 at 2015-03-27 13:35:52 +0700
  [1m[36mCourse Load (0.3ms)[0m  [1mSELECT "courses".* FROM "courses"[0m


Started GET "/registrations/new" for 127.0.0.1 at 2015-03-27 13:35:56 +0700
Processing by RegistrationsController#new as HTML
  [1m[35mCourse Load (0.2ms)[0m  SELECT  "courses".* FROM "courses"  WHERE "courses"."id" IS NULL LIMIT 1
  Rendered registrations/new.html.haml within layouts/application (5.2ms)
Completed 500 Internal Server Error in 15ms

NoMethodError - undefined method `id' for nil:NilClass:
   () home/huan/stripe-basics/app/views/registrations/new.html.haml:15:in `block in _app_views_registrations_new_html_haml__852294268_87458760'
  haml (4.0.5) lib/haml/helpers/action_view_mods.rb:137:in `call'
  haml (4.0.5) lib/haml/helpers/action_view_mods.rb:137:in `block (2 levels) in form_for_with_haml'
  haml (4.0.5) lib/haml/helpers.rb:278:in `with_tabs'
  haml (4.0.5) lib/haml/helpers/action_view_mods.rb:137:in `block in form_for_with_haml'
  actionview (4.1.6) lib/action_view/helpers/capture_helper.rb:38:in `block in capture'
  actionview (4.1.6) lib/action_view/helpers/capture_helper.rb:200:in `with_output_buffer'
  haml (4.0.5) lib/haml/helpers/action_view_xss_mods.rb:5:in `with_output_buffer_with_haml_xss'
  actionview (4.1.6) lib/action_view/helpers/capture_helper.rb:38:in `capture'
  haml (4.0.5) lib/haml/helpers/action_view_mods.rb:52:in `capture_with_haml'
  actionview (4.1.6) lib/action_view/helpers/form_helper.rb:434:in `form_for'
  haml (4.0.5) lib/haml/helpers/action_view_mods.rb:139:in `form_for_with_haml'
  haml (4.0.5) lib/haml/helpers/action_view_xss_mods.rb:28:in `form_for_with_haml_xss'
   () home/huan/stripe-basics/app/views/registrations/new.html.haml:5:in `_app_views_registrations_new_html_haml__852294268_87458760'
  actionview (4.1.6) lib/action_view/template.rb:145:in `block in render'
  activesupport (4.1.6) lib/active_support/notifications.rb:161:in `instrument'
  actionview (4.1.6) lib/action_view/template.rb:339:in `instrument'
  actionview (4.1.6) lib/action_view/template.rb:143:in `render'
  actionview (4.1.6) lib/action_view/renderer/template_renderer.rb:55:in `block (2 levels) in render_template'
  actionview (4.1.6) lib/action_view/renderer/abstract_renderer.rb:38:in `block in instrument'
  activesupport (4.1.6) lib/active_support/notifications.rb:159:in `block in instrument'
  activesupport (4.1.6) lib/active_support/notifications/instrumenter.rb:20:in `instrument'
  activesupport (4.1.6) lib/active_support/notifications.rb:159:in `instrument'
  actionview (4.1.6) lib/action_view/renderer/abstract_renderer.rb:38:in `instrument'
  actionview (4.1.6) lib/action_view/renderer/template_renderer.rb:54:in `block in render_template'
  actionview (4.1.6) lib/action_view/renderer/template_renderer.rb:62:in `render_with_layout'
  actionview (4.1.6) lib/action_view/renderer/template_renderer.rb:53:in `render_template'
  actionview (4.1.6) lib/action_view/renderer/template_renderer.rb:17:in `render'
  actionview (4.1.6) lib/action_view/renderer/renderer.rb:42:in `render_template'
  actionview (4.1.6) lib/action_view/renderer/renderer.rb:23:in `render'
  actionview (4.1.6) lib/action_view/rendering.rb:99:in `_render_template'
  actionpack (4.1.6) lib/action_controller/metal/streaming.rb:217:in `_render_template'
  actionview (4.1.6) lib/action_view/rendering.rb:82:in `render_to_body'
  actionpack (4.1.6) lib/action_controller/metal/rendering.rb:32:in `render_to_body'
  actionpack (4.1.6) lib/action_controller/metal/renderers.rb:32:in `render_to_body'
  actionpack (4.1.6) lib/abstract_controller/rendering.rb:25:in `render'
  actionpack (4.1.6) lib/action_controller/metal/rendering.rb:16:in `render'
  actionpack (4.1.6) lib/action_controller/metal/instrumentation.rb:41:in `block (2 levels) in render'
  activesupport (4.1.6) lib/active_support/core_ext/benchmark.rb:12:in `block in ms'
   () home/huan/.rvm/rubies/ruby-2.1.2/lib/ruby/2.1.0/benchmark.rb:294:in `realtime'
  activesupport (4.1.6) lib/active_support/core_ext/benchmark.rb:12:in `ms'
  actionpack (4.1.6) lib/action_controller/metal/instrumentation.rb:41:in `block in render'
  actionpack (4.1.6) lib/action_controller/metal/instrumentation.rb:84:in `cleanup_view_runtime'
  activerecord (4.1.6) lib/active_record/railties/controller_runtime.rb:25:in `cleanup_view_runtime'
  actionpack (4.1.6) lib/action_controller/metal/instrumentation.rb:40:in `render'
  actionpack (4.1.6) lib/action_controller/metal/implicit_render.rb:10:in `default_render'
  actionpack (4.1.6) lib/action_controller/metal/implicit_render.rb:5:in `send_action'
  actionpack (4.1.6) lib/abstract_controller/base.rb:189:in `process_action'
  actionpack (4.1.6) lib/action_controller/metal/rendering.rb:10:in `process_action'
  actionpack (4.1.6) lib/abstract_controller/callbacks.rb:20:in `block in process_action'
  activesupport (4.1.6) lib/active_support/callbacks.rb:113:in `call'
  activesupport (4.1.6) lib/active_support/callbacks.rb:113:in `call'
  activesupport (4.1.6) lib/active_support/callbacks.rb:149:in `block in halting_and_conditional'
  activesupport (4.1.6) lib/active_support/callbacks.rb:166:in `call'
  activesupport (4.1.6) lib/active_support/callbacks.rb:166:in `block in halting'
  activesupport (4.1.6) lib/active_support/callbacks.rb:229:in `call'
  activesupport (4.1.6) lib/active_support/callbacks.rb:229:in `block in halting'
  activesupport (4.1.6) lib/active_support/callbacks.rb:229:in `call'
  activesupport (4.1.6) lib/active_support/callbacks.rb:229:in `block in halting'
  activesupport (4.1.6) lib/active_support/callbacks.rb:166:in `call'
  activesupport (4.1.6) lib/active_support/callbacks.rb:166:in `block in halting'
  activesupport (4.1.6) lib/active_support/callbacks.rb:166:in `call'
  activesupport (4.1.6) lib/active_support/callbacks.rb:166:in `block in halting'
  activesupport (4.1.6) lib/active_support/callbacks.rb:166:in `call'
  activesupport (4.1.6) lib/active_support/callbacks.rb:166:in `block in halting'
  activesupport (4.1.6) lib/active_support/callbacks.rb:86:in `call'
  activesupport (4.1.6) lib/active_support/callbacks.rb:86:in `run_callbacks'
  actionpack (4.1.6) lib/abstract_controller/callbacks.rb:19:in `process_action'
  actionpack (4.1.6) lib/action_controller/metal/rescue.rb:29:in `process_action'
  actionpack (4.1.6) lib/action_controller/metal/instrumentation.rb:31:in `block in process_action'
  activesupport (4.1.6) lib/active_support/notifications.rb:159:in `block in instrument'
  activesupport (4.1.6) lib/active_support/notifications/instrumenter.rb:20:in `instrument'
  activesupport (4.1.6) lib/active_support/notifications.rb:159:in `instrument'
  actionpack (4.1.6) lib/action_controller/metal/instrumentation.rb:30:in `process_action'
  actionpack (4.1.6) lib/action_controller/metal/params_wrapper.rb:250:in `process_action'
  activerecord (4.1.6) lib/active_record/railties/controller_runtime.rb:18:in `process_action'
  actionpack (4.1.6) lib/abstract_controller/base.rb:136:in `process'
  actionview (4.1.6) lib/action_view/rendering.rb:30:in `process'
  actionpack (4.1.6) lib/action_controller/metal.rb:196:in `dispatch'
  actionpack (4.1.6) lib/action_controller/metal/rack_delegation.rb:13:in `dispatch'
  actionpack (4.1.6) lib/action_controller/metal.rb:232:in `block in action'
  actionpack (4.1.6) lib/action_dispatch/routing/route_set.rb:82:in `call'
  actionpack (4.1.6) lib/action_dispatch/routing/route_set.rb:82:in `dispatch'
  actionpack (4.1.6) lib/action_dispatch/routing/route_set.rb:50:in `call'
  actionpack (4.1.6) lib/action_dispatch/journey/router.rb:73:in `block in call'
  actionpack (4.1.6) lib/action_dispatch/journey/router.rb:59:in `each'
  actionpack (4.1.6) lib/action_dispatch/journey/router.rb:59:in `call'
  actionpack (4.1.6) lib/action_dispatch/routing/route_set.rb:678:in `call'
  rack (1.5.2) lib/rack/etag.rb:23:in `call'
  rack (1.5.2) lib/rack/conditionalget.rb:25:in `call'
  rack (1.5.2) lib/rack/head.rb:11:in `call'
  actionpack (4.1.6) lib/action_dispatch/middleware/params_parser.rb:27:in `call'
  actionpack (4.1.6) lib/action_dispatch/middleware/flash.rb:254:in `call'
  rack (1.5.2) lib/rack/session/abstract/id.rb:225:in `context'
  rack (1.5.2) lib/rack/session/abstract/id.rb:220:in `call'
  actionpack (4.1.6) lib/action_dispatch/middleware/cookies.rb:560:in `call'
  activerecord (4.1.6) lib/active_record/query_cache.rb:36:in `call'
  activerecord (4.1.6) lib/active_record/connection_adapters/abstract/connection_pool.rb:621:in `call'
  activerecord (4.1.6) lib/active_record/migration.rb:380:in `call'
  actionpack (4.1.6) lib/action_dispatch/middleware/callbacks.rb:29:in `block in call'
  activesupport (4.1.6) lib/active_support/callbacks.rb:82:in `run_callbacks'
  actionpack (4.1.6) lib/action_dispatch/middleware/callbacks.rb:27:in `call'
  actionpack (4.1.6) lib/action_dispatch/middleware/reloader.rb:73:in `call'
  actionpack (4.1.6) lib/action_dispatch/middleware/remote_ip.rb:76:in `call'
  better_errors (2.0.0) lib/better_errors/middleware.rb:84:in `protected_app_call'
  better_errors (2.0.0) lib/better_errors/middleware.rb:79:in `better_errors_call'
  better_errors (2.0.0) lib/better_errors/middleware.rb:57:in `call'
  actionpack (4.1.6) lib/action_dispatch/middleware/debug_exceptions.rb:17:in `call'
  actionpack (4.1.6) lib/action_dispatch/middleware/show_exceptions.rb:30:in `call'
  railties (4.1.6) lib/rails/rack/logger.rb:38:in `call_app'
  railties (4.1.6) lib/rails/rack/logger.rb:20:in `block in call'
  activesupport (4.1.6) lib/active_support/tagged_logging.rb:68:in `block in tagged'
  activesupport (4.1.6) lib/active_support/tagged_logging.rb:26:in `tagged'
  activesupport (4.1.6) lib/active_support/tagged_logging.rb:68:in `tagged'
  railties (4.1.6) lib/rails/rack/logger.rb:20:in `call'
  actionpack (4.1.6) lib/action_dispatch/middleware/request_id.rb:21:in `call'
  rack (1.5.2) lib/rack/methodoverride.rb:21:in `call'
  rack (1.5.2) lib/rack/runtime.rb:17:in `call'
  activesupport (4.1.6) lib/active_support/cache/strategy/local_cache_middleware.rb:26:in `call'
  rack (1.5.2) lib/rack/lock.rb:17:in `call'
  actionpack (4.1.6) lib/action_dispatch/middleware/static.rb:64:in `call'
  rack (1.5.2) lib/rack/sendfile.rb:112:in `call'
  railties (4.1.6) lib/rails/engine.rb:514:in `call'
  railties (4.1.6) lib/rails/application.rb:144:in `call'
  rack (1.5.2) lib/rack/lock.rb:17:in `call'
  rack (1.5.2) lib/rack/content_length.rb:14:in `call'
  rack (1.5.2) lib/rack/handler/webrick.rb:60:in `service'
   () home/huan/.rvm/rubies/ruby-2.1.2/lib/ruby/2.1.0/webrick/httpserver.rb:138:in `service'
   () home/huan/.rvm/rubies/ruby-2.1.2/lib/ruby/2.1.0/webrick/httpserver.rb:94:in `run'
   () home/huan/.rvm/rubies/ruby-2.1.2/lib/ruby/2.1.0/webrick/server.rb:295:in `block in start_thread'



Started POST "/__better_errors/10ec37b70e0a5702/variables" for 127.0.0.1 at 2015-03-27 13:35:57 +0700
  [1m[36mCourse Load (0.2ms)[0m  [1mSELECT "courses".* FROM "courses"[0m


Started GET "/registrations/new?course_id=2" for 127.0.0.1 at 2015-03-27 13:35:57 +0700
Processing by RegistrationsController#new as HTML
  Parameters: {"course_id"=>"2"}
  [1m[35mCourse Load (0.2ms)[0m  SELECT  "courses".* FROM "courses"  WHERE "courses"."id" = 2 LIMIT 1
  Rendered registrations/new.html.haml within layouts/application (7.6ms)
  [1m[36mCourse Load (0.2ms)[0m  [1mSELECT "courses".* FROM "courses"[0m
  Rendered courses/_index.html.haml (2.3ms)
Completed 200 OK in 69ms (Views: 67.0ms | ActiveRecord: 0.3ms)


Started GET "/" for 127.0.0.1 at 2015-03-27 13:38:36 +0700
Processing by CoursesController#index as HTML
  Rendered courses/index.html.haml within layouts/application (1.4ms)
  [1m[35mCourse Load (0.1ms)[0m  SELECT "courses".* FROM "courses"
  Rendered courses/_index.html.haml (2.0ms)
Completed 200 OK in 107ms (Views: 106.2ms | ActiveRecord: 0.1ms)


Started GET "/assets/bootstrap.min.css?body=1" for 127.0.0.1 at 2015-03-27 13:38:36 +0700


Started GET "/assets/normalize.css?body=1" for 127.0.0.1 at 2015-03-27 13:38:36 +0700


Started GET "/assets/form.css?body=1" for 127.0.0.1 at 2015-03-27 13:38:36 +0700


Started GET "/assets/front.css?body=1" for 127.0.0.1 at 2015-03-27 13:38:36 +0700


Started GET "/assets/application.css?body=1" for 127.0.0.1 at 2015-03-27 13:38:36 +0700


Started GET "/assets/fonts.css?body=1" for 127.0.0.1 at 2015-03-27 13:38:36 +0700


Started GET "/assets/turbolinks.js?body=1" for 127.0.0.1 at 2015-03-27 13:38:36 +0700


Started GET "/assets/jquery_ujs.js?body=1" for 127.0.0.1 at 2015-03-27 13:38:36 +0700


Started GET "/assets/jquery.js?body=1" for 127.0.0.1 at 2015-03-27 13:38:36 +0700


Started GET "/assets/application.js?body=1" for 127.0.0.1 at 2015-03-27 13:38:36 +0700


Started GET "/assets/code-bg.jpg" for 127.0.0.1 at 2015-03-27 13:38:36 +0700


Started GET "/assets/MYRIADPRO-REGULAR.OTF" for 127.0.0.1 at 2015-03-27 13:38:36 +0700


Started GET "/assets/course-bg-arrow.png" for 127.0.0.1 at 2015-03-27 13:38:36 +0700


Started GET "/registrations/new?course_id=1" for 127.0.0.1 at 2015-03-27 13:38:42 +0700
Processing by RegistrationsController#new as HTML
  Parameters: {"course_id"=>"1"}
  [1m[36mCourse Load (0.2ms)[0m  [1mSELECT  "courses".* FROM "courses"  WHERE "courses"."id" = 1 LIMIT 1[0m
  Rendered registrations/new.html.haml within layouts/application (6.7ms)
  [1m[35mCourse Load (0.2ms)[0m  SELECT "courses".* FROM "courses"
  Rendered courses/_index.html.haml (4.2ms)
Completed 200 OK in 69ms (Views: 67.1ms | ActiveRecord: 0.3ms)


Started GET "/" for 127.0.0.1 at 2015-03-27 13:40:42 +0700
Processing by CoursesController#index as HTML
  Rendered courses/index.html.haml within layouts/application (0.1ms)
  [1m[36mCourse Load (0.2ms)[0m  [1mSELECT "courses".* FROM "courses"[0m
  Rendered courses/_index.html.haml (2.6ms)
Completed 200 OK in 78ms (Views: 77.5ms | ActiveRecord: 0.2ms)


Started GET "/assets/bootstrap.min.css?body=1" for 127.0.0.1 at 2015-03-27 13:40:42 +0700


Started GET "/assets/fonts.css?body=1" for 127.0.0.1 at 2015-03-27 13:40:42 +0700


Started GET "/assets/front.css?body=1" for 127.0.0.1 at 2015-03-27 13:40:42 +0700


Started GET "/assets/normalize.css?body=1" for 127.0.0.1 at 2015-03-27 13:40:42 +0700


Started GET "/assets/form.css?body=1" for 127.0.0.1 at 2015-03-27 13:40:42 +0700


Started GET "/assets/application.css?body=1" for 127.0.0.1 at 2015-03-27 13:40:42 +0700


Started GET "/assets/jquery.js?body=1" for 127.0.0.1 at 2015-03-27 13:40:42 +0700


Started GET "/assets/jquery_ujs.js?body=1" for 127.0.0.1 at 2015-03-27 13:40:42 +0700


Started GET "/assets/turbolinks.js?body=1" for 127.0.0.1 at 2015-03-27 13:40:42 +0700


Started GET "/assets/application.js?body=1" for 127.0.0.1 at 2015-03-27 13:40:42 +0700


Started GET "/registrations/new?course_id=2" for 127.0.0.1 at 2015-03-27 13:42:14 +0700
Processing by RegistrationsController#new as HTML
  Parameters: {"course_id"=>"2"}
  [1m[35mCourse Load (0.2ms)[0m  SELECT  "courses".* FROM "courses"  WHERE "courses"."id" = 2 LIMIT 1
  Rendered registrations/new.html.haml within layouts/application (3.5ms)
  [1m[36mCourse Load (0.2ms)[0m  [1mSELECT "courses".* FROM "courses"[0m
  Rendered courses/_index.html.haml (2.1ms)
Completed 200 OK in 99ms (Views: 96.9ms | ActiveRecord: 0.3ms)


Started GET "/registrations/new?course_id=2" for 127.0.0.1 at 2015-03-27 13:48:49 +0700
  [1m[36mActiveRecord::SchemaMigration Load (0.1ms)[0m  [1mSELECT "schema_migrations".* FROM "schema_migrations"[0m
Processing by RegistrationsController#new as HTML
  Parameters: {"course_id"=>"2"}
  [1m[35mCourse Load (0.1ms)[0m  SELECT  "courses".* FROM "courses"  WHERE "courses"."id" = 2 LIMIT 1
  Rendered registrations/new.html.haml within layouts/application (21.5ms)
  [1m[36mCourse Load (0.2ms)[0m  [1mSELECT "courses".* FROM "courses"[0m
  Rendered courses/_index.html.haml (4.1ms)
Completed 200 OK in 173ms (Views: 142.1ms | ActiveRecord: 1.1ms)


Started GET "/assets/bootstrap.min.css?body=1" for 127.0.0.1 at 2015-03-27 13:48:50 +0700


Started GET "/assets/form.css?body=1" for 127.0.0.1 at 2015-03-27 13:48:50 +0700


Started GET "/assets/front.css?body=1" for 127.0.0.1 at 2015-03-27 13:48:50 +0700


Started GET "/assets/fonts.css?body=1" for 127.0.0.1 at 2015-03-27 13:48:50 +0700


Started GET "/assets/normalize.css?body=1" for 127.0.0.1 at 2015-03-27 13:48:50 +0700


Started GET "/assets/jquery.js?body=1" for 127.0.0.1 at 2015-03-27 13:48:50 +0700


Started GET "/assets/jquery_ujs.js?body=1" for 127.0.0.1 at 2015-03-27 13:48:50 +0700


Started GET "/assets/application.css?body=1" for 127.0.0.1 at 2015-03-27 13:48:50 +0700


Started GET "/assets/turbolinks.js?body=1" for 127.0.0.1 at 2015-03-27 13:48:50 +0700


Started GET "/assets/application.js?body=1" for 127.0.0.1 at 2015-03-27 13:48:50 +0700


Started POST "/registrations" for 127.0.0.1 at 2015-03-27 13:49:22 +0700
Processing by RegistrationsController#create as HTML
  Parameters: {"utf8"=>"✓", "authenticity_token"=>"ZgJBB9MU0fK73WD6r34jW8YqyAJ84DvJ3XudYXE2+qs=", "registration"=>{"course_id"=>"2", "full_name"=>"", "company"=>"", "telephone"=>""}, "stripeToken"=>"tok_15krHOIURPwg6ed70J2aLRxE", "stripeTokenType"=>"card", "stripeEmail"=>"test@framgia.com"}
Unpermitted parameters: utf8, authenticity_token, registration, stripeTokenType
Unpermitted parameters: utf8, authenticity_token, registration, stripeTokenType
  [1m[35mCourse Load (0.2ms)[0m  SELECT  "courses".* FROM "courses"  WHERE "courses"."id" = ? LIMIT 1  [["id", 2]]
  [1m[36m (0.2ms)[0m  [1mbegin transaction[0m
  [1m[35mSQL (0.4ms)[0m  INSERT INTO "registrations" ("card_token", "company", "course_id", "created_at", "email", "full_name", "telephone", "updated_at") VALUES (?, ?, ?, ?, ?, ?, ?, ?)  [["card_token", "tok_15krHOIURPwg6ed70J2aLRxE"], ["company", ""], ["course_id", 2], ["created_at", "2015-03-27 06:49:24.910547"], ["email", "test@framgia.com"], ["full_name", ""], ["telephone", ""], ["updated_at", "2015-03-27 06:49:24.910547"]]
  [1m[36m (550.3ms)[0m  [1mcommit transaction[0m
Redirected to http://localhost:3000/registrations/1
Completed 302 Found in 3417ms (ActiveRecord: 551.1ms)


Started GET "/registrations/1" for 127.0.0.1 at 2015-03-27 13:49:25 +0700
Processing by RegistrationsController#show as HTML
  Parameters: {"id"=>"1"}
  [1m[35mRegistration Load (0.3ms)[0m  SELECT  "registrations".* FROM "registrations"  WHERE "registrations"."id" = ? LIMIT 1  [["id", 1]]
  [1m[36mCourse Load (0.1ms)[0m  [1mSELECT  "courses".* FROM "courses"  WHERE "courses"."id" = ? LIMIT 1[0m  [["id", 2]]
  Rendered registrations/show.html.haml within layouts/application (4.2ms)
  [1m[35mCourse Load (0.2ms)[0m  SELECT "courses".* FROM "courses"
  Rendered courses/_index.html.haml (2.2ms)
Completed 200 OK in 64ms (Views: 61.9ms | ActiveRecord: 0.5ms)


Started GET "/assets/bootstrap.min.css?body=1" for 127.0.0.1 at 2015-03-27 13:49:25 +0700


Started GET "/assets/fonts.css?body=1" for 127.0.0.1 at 2015-03-27 13:49:25 +0700


Started GET "/assets/form.css?body=1" for 127.0.0.1 at 2015-03-27 13:49:25 +0700


Started GET "/assets/front.css?body=1" for 127.0.0.1 at 2015-03-27 13:49:25 +0700


Started GET "/assets/jquery.js?body=1" for 127.0.0.1 at 2015-03-27 13:49:25 +0700


Started GET "/assets/application.css?body=1" for 127.0.0.1 at 2015-03-27 13:49:25 +0700


Started GET "/assets/jquery_ujs.js?body=1" for 127.0.0.1 at 2015-03-27 13:49:25 +0700


Started GET "/assets/normalize.css?body=1" for 127.0.0.1 at 2015-03-27 13:49:25 +0700


Started GET "/assets/turbolinks.js?body=1" for 127.0.0.1 at 2015-03-27 13:49:25 +0700


Started GET "/assets/application.js?body=1" for 127.0.0.1 at 2015-03-27 13:49:25 +0700
